<?xml version="1.0" encoding="UTF-8"?>
<coverage generated="1715026409853" clover="3.2.0">
  <project timestamp="1715026409853" name="All files">
    <metrics statements="23" coveredstatements="23" conditionals="4" coveredconditionals="4" methods="8" coveredmethods="8" elements="35" coveredelements="35" complexity="0" loc="23" ncloc="23" packages="1" files="4" classes="4"/>
    <file name="caesarCipher.ts" path="/Users/edensaltzman/repos/odin-javascript/testing-practice/caesarCipher.ts">
      <metrics statements="12" coveredstatements="12" conditionals="4" coveredconditionals="4" methods="2" coveredmethods="2"/>
      <line num="3" count="5" type="stmt"/>
      <line num="5" count="5" type="stmt"/>
      <line num="7" count="5" type="stmt"/>
      <line num="9" count="5" type="stmt"/>
      <line num="11" count="1710" type="stmt"/>
      <line num="13" count="129" type="cond" truecount="2" falsecount="0"/>
      <line num="14" count="19" type="stmt"/>
      <line num="16" count="110" type="stmt"/>
      <line num="17" count="110" type="cond" truecount="2" falsecount="0"/>
      <line num="18" count="4" type="stmt"/>
      <line num="19" count="106" type="stmt"/>
      <line num="23" count="5" type="stmt"/>
    </file>
    <file name="calculator.ts" path="/Users/edensaltzman/repos/odin-javascript/testing-practice/calculator.ts">
      <metrics statements="5" coveredstatements="5" conditionals="0" coveredconditionals="0" methods="4" coveredmethods="4"/>
      <line num="1" count="1" type="stmt"/>
      <line num="3" count="3" type="stmt"/>
      <line num="6" count="3" type="stmt"/>
      <line num="9" count="3" type="stmt"/>
      <line num="12" count="4" type="stmt"/>
    </file>
    <file name="capitalize.ts" path="/Users/edensaltzman/repos/odin-javascript/testing-practice/capitalize.ts">
      <metrics statements="1" coveredstatements="1" conditionals="0" coveredconditionals="0" methods="1" coveredmethods="1"/>
      <line num="2" count="5" type="stmt"/>
    </file>
    <file name="reverseString.ts" path="/Users/edensaltzman/repos/odin-javascript/testing-practice/reverseString.ts">
      <metrics statements="5" coveredstatements="5" conditionals="0" coveredconditionals="0" methods="1" coveredmethods="1"/>
      <line num="2" count="3" type="stmt"/>
      <line num="3" count="3" type="stmt"/>
      <line num="4" count="3" type="stmt"/>
      <line num="5" count="34" type="stmt"/>
      <line num="7" count="3" type="stmt"/>
    </file>
  </project>
</coverage>
