TN:
SF:caesarCipher.ts
FN:1,caesarCipher
FN:11,(anonymous_1)
FNF:2
FNH:2
FNDA:5,caesarCipher
FNDA:1710,(anonymous_1)
DA:3,5
DA:5,5
DA:7,5
DA:9,5
DA:11,1710
DA:13,129
DA:14,19
DA:16,110
DA:17,110
DA:18,4
DA:19,106
DA:23,5
LF:12
LH:12
BRDA:13,0,0,19
BRDA:13,0,1,110
BRDA:17,1,0,4
BRDA:17,1,1,106
BRF:4
BRH:4
end_of_record
TN:
SF:calculator.ts
FN:2,(anonymous_0)
FN:5,(anonymous_1)
FN:8,(anonymous_2)
FN:11,(anonymous_3)
FNF:4
FNH:4
FNDA:3,(anonymous_0)
FNDA:3,(anonymous_1)
FNDA:3,(anonymous_2)
FNDA:4,(anonymous_3)
DA:1,1
DA:3,3
DA:6,3
DA:9,3
DA:12,4
LF:5
LH:5
BRF:0
BRH:0
end_of_record
TN:
SF:capitalize.ts
FN:1,capitalize
FNF:1
FNH:1
FNDA:5,capitalize
DA:2,5
LF:1
LH:1
BRF:0
BRH:0
end_of_record
TN:
SF:reverseString.ts
FN:1,reverseString
FNF:1
FNH:1
FNDA:3,reverseString
DA:2,3
DA:3,3
DA:4,3
DA:5,34
DA:7,3
LF:5
LH:5
BRF:0
BRH:0
end_of_record
